[2024-11-13T04:58:04.308+0000] {manager.py:483} INFO - Processing files using up to 2 processes at a time 
[2024-11-13T04:58:04.309+0000] {manager.py:484} INFO - Process each file at most once every 30 seconds
[2024-11-13T04:58:04.310+0000] {manager.py:485} INFO - Checking for new files in /opt/airflow/dags every 300 seconds
[2024-11-13T04:58:04.310+0000] {manager.py:821} INFO - Searching for files in /opt/airflow/dags
[2024-11-13T04:58:04.319+0000] {manager.py:824} INFO - There are 1 files in /opt/airflow/dags
[2024-11-13T04:58:04.577+0000] {manager.py:997} INFO - 
================================================================================
DAG File Processing Stats

File Path                                  PID  Runtime      # DAGs    # Errors  Last Runtime    Last Run      Last # of DB Queries
---------------------------------------  -----  ---------  --------  ----------  --------------  ----------  ----------------------
/opt/airflow/dags/email_pipeline_dag.py     46  0.10s             0           0                                                   0
================================================================================
[2024-11-13T04:58:34.700+0000] {manager.py:997} INFO - 
================================================================================
DAG File Processing Stats

File Path                                PID    Runtime      # DAGs    # Errors  Last Runtime    Last Run               Last # of DB Queries
---------------------------------------  -----  ---------  --------  ----------  --------------  -------------------  ----------------------
/opt/airflow/dags/email_pipeline_dag.py                           0           1  2.89s           2024-11-13T04:58:07                       3
================================================================================
[2024-11-13T04:59:05.024+0000] {manager.py:997} INFO - 
================================================================================
DAG File Processing Stats

File Path                                PID    Runtime      # DAGs    # Errors  Last Runtime    Last Run               Last # of DB Queries
---------------------------------------  -----  ---------  --------  ----------  --------------  -------------------  ----------------------
/opt/airflow/dags/email_pipeline_dag.py                           0           1  0.83s           2024-11-13T04:58:38                       5
================================================================================
[2024-11-13T04:59:27.993+0000] {manager.py:465} INFO - Exiting gracefully upon receiving signal 15
[2024-11-13T05:00:12.338+0000] {manager.py:483} INFO - Processing files using up to 2 processes at a time 
[2024-11-13T05:00:12.341+0000] {manager.py:484} INFO - Process each file at most once every 30 seconds
[2024-11-13T05:00:12.342+0000] {manager.py:485} INFO - Checking for new files in /opt/airflow/dags every 300 seconds
[2024-11-13T05:00:12.342+0000] {manager.py:821} INFO - Searching for files in /opt/airflow/dags
[2024-11-13T05:00:12.372+0000] {manager.py:824} INFO - There are 1 files in /opt/airflow/dags
[2024-11-13T05:00:12.554+0000] {manager.py:997} INFO - 
================================================================================
DAG File Processing Stats

File Path                                  PID  Runtime      # DAGs    # Errors  Last Runtime    Last Run      Last # of DB Queries
---------------------------------------  -----  ---------  --------  ----------  --------------  ----------  ----------------------
/opt/airflow/dags/email_pipeline_dag.py     52  0.05s             0           0                                                   0
================================================================================
[2024-11-13T05:00:43.187+0000] {manager.py:997} INFO - 
================================================================================
DAG File Processing Stats

File Path                                PID    Runtime      # DAGs    # Errors  Last Runtime    Last Run               Last # of DB Queries
---------------------------------------  -----  ---------  --------  ----------  --------------  -------------------  ----------------------
/opt/airflow/dags/email_pipeline_dag.py                           1           0  4.27s           2024-11-13T05:00:16                      45
================================================================================
[2024-11-13T05:01:14.148+0000] {manager.py:997} INFO - 
================================================================================
DAG File Processing Stats

File Path                                PID    Runtime      # DAGs    # Errors  Last Runtime    Last Run               Last # of DB Queries
---------------------------------------  -----  ---------  --------  ----------  --------------  -------------------  ----------------------
/opt/airflow/dags/email_pipeline_dag.py                           1           0  1.27s           2024-11-13T05:00:48                      12
================================================================================
[2024-11-13T05:01:44.419+0000] {manager.py:997} INFO - 
================================================================================
DAG File Processing Stats

File Path                                PID    Runtime      # DAGs    # Errors  Last Runtime    Last Run               Last # of DB Queries
---------------------------------------  -----  ---------  --------  ----------  --------------  -------------------  ----------------------
/opt/airflow/dags/email_pipeline_dag.py                           1           0  0.78s           2024-11-13T05:01:20                      12
================================================================================
[2024-11-13T05:02:14.871+0000] {manager.py:997} INFO - 
================================================================================
DAG File Processing Stats

File Path                                PID    Runtime      # DAGs    # Errors  Last Runtime    Last Run               Last # of DB Queries
---------------------------------------  -----  ---------  --------  ----------  --------------  -------------------  ----------------------
/opt/airflow/dags/email_pipeline_dag.py                           1           0  0.64s           2024-11-13T05:01:51                      12
================================================================================
[2024-11-13T05:02:45.300+0000] {manager.py:997} INFO - 
================================================================================
DAG File Processing Stats

File Path                                PID    Runtime      # DAGs    # Errors  Last Runtime    Last Run               Last # of DB Queries
---------------------------------------  -----  ---------  --------  ----------  --------------  -------------------  ----------------------
/opt/airflow/dags/email_pipeline_dag.py                           1           0  1.17s           2024-11-13T05:02:23                      12
================================================================================
[2024-11-13T05:03:15.481+0000] {manager.py:997} INFO - 
================================================================================
DAG File Processing Stats

File Path                                PID    Runtime      # DAGs    # Errors  Last Runtime    Last Run               Last # of DB Queries
---------------------------------------  -----  ---------  --------  ----------  --------------  -------------------  ----------------------
/opt/airflow/dags/email_pipeline_dag.py                           1           0  0.80s           2024-11-13T05:02:54                      12
================================================================================
[2024-11-13T05:03:45.688+0000] {manager.py:997} INFO - 
================================================================================
DAG File Processing Stats

File Path                                PID    Runtime      # DAGs    # Errors  Last Runtime    Last Run               Last # of DB Queries
---------------------------------------  -----  ---------  --------  ----------  --------------  -------------------  ----------------------
/opt/airflow/dags/email_pipeline_dag.py                           1           0  0.64s           2024-11-13T05:03:25                      12
================================================================================
[2024-11-13T05:04:15.762+0000] {manager.py:997} INFO - 
================================================================================
DAG File Processing Stats

File Path                                PID    Runtime      # DAGs    # Errors  Last Runtime    Last Run               Last # of DB Queries
---------------------------------------  -----  ---------  --------  ----------  --------------  -------------------  ----------------------
/opt/airflow/dags/email_pipeline_dag.py                           1           0  0.64s           2024-11-13T05:03:56                      12
================================================================================
[2024-11-13T05:04:46.178+0000] {manager.py:997} INFO - 
================================================================================
DAG File Processing Stats

File Path                                PID    Runtime      # DAGs    # Errors  Last Runtime    Last Run               Last # of DB Queries
---------------------------------------  -----  ---------  --------  ----------  --------------  -------------------  ----------------------
/opt/airflow/dags/email_pipeline_dag.py                           1           0  0.67s           2024-11-13T05:04:27                      12
================================================================================
[2024-11-13T05:05:12.812+0000] {manager.py:821} INFO - Searching for files in /opt/airflow/dags
[2024-11-13T05:05:12.825+0000] {manager.py:824} INFO - There are 1 files in /opt/airflow/dags
[2024-11-13T05:05:16.955+0000] {manager.py:997} INFO - 
================================================================================
DAG File Processing Stats

File Path                                PID    Runtime      # DAGs    # Errors  Last Runtime    Last Run               Last # of DB Queries
---------------------------------------  -----  ---------  --------  ----------  --------------  -------------------  ----------------------
/opt/airflow/dags/email_pipeline_dag.py                           1           0  0.79s           2024-11-13T05:04:58                      12
================================================================================
[2024-11-13T05:05:47.400+0000] {manager.py:997} INFO - 
================================================================================
DAG File Processing Stats

File Path                                PID    Runtime      # DAGs    # Errors  Last Runtime    Last Run               Last # of DB Queries
---------------------------------------  -----  ---------  --------  ----------  --------------  -------------------  ----------------------
/opt/airflow/dags/email_pipeline_dag.py                           1           0  0.93s           2024-11-13T05:05:30                      12
================================================================================
[2024-11-13T05:06:17.731+0000] {manager.py:997} INFO - 
================================================================================
DAG File Processing Stats

File Path                                PID    Runtime      # DAGs    # Errors  Last Runtime    Last Run               Last # of DB Queries
---------------------------------------  -----  ---------  --------  ----------  --------------  -------------------  ----------------------
/opt/airflow/dags/email_pipeline_dag.py                           1           0  1.14s           2024-11-13T05:06:01                      12
================================================================================
[2024-11-13T05:06:48.003+0000] {manager.py:997} INFO - 
================================================================================
DAG File Processing Stats

File Path                                PID    Runtime      # DAGs    # Errors  Last Runtime    Last Run               Last # of DB Queries
---------------------------------------  -----  ---------  --------  ----------  --------------  -------------------  ----------------------
/opt/airflow/dags/email_pipeline_dag.py                           1           0  0.63s           2024-11-13T05:06:32                      12
================================================================================
[2024-11-13T05:07:18.052+0000] {manager.py:997} INFO - 
================================================================================
DAG File Processing Stats

File Path                                PID    Runtime      # DAGs    # Errors  Last Runtime    Last Run               Last # of DB Queries
---------------------------------------  -----  ---------  --------  ----------  --------------  -------------------  ----------------------
/opt/airflow/dags/email_pipeline_dag.py                           1           0  0.65s           2024-11-13T05:07:03                      12
================================================================================
[2024-11-13T05:07:48.933+0000] {manager.py:997} INFO - 
================================================================================
DAG File Processing Stats

File Path                                PID    Runtime      # DAGs    # Errors  Last Runtime    Last Run               Last # of DB Queries
---------------------------------------  -----  ---------  --------  ----------  --------------  -------------------  ----------------------
/opt/airflow/dags/email_pipeline_dag.py                           1           0  0.64s           2024-11-13T05:07:34                      12
================================================================================
[2024-11-13T05:08:19.345+0000] {manager.py:997} INFO - 
================================================================================
DAG File Processing Stats

File Path                                PID    Runtime      # DAGs    # Errors  Last Runtime    Last Run               Last # of DB Queries
---------------------------------------  -----  ---------  --------  ----------  --------------  -------------------  ----------------------
/opt/airflow/dags/email_pipeline_dag.py                           1           0  0.59s           2024-11-13T05:08:05                      12
================================================================================
[2024-11-13T05:08:49.874+0000] {manager.py:997} INFO - 
================================================================================
DAG File Processing Stats

File Path                                PID    Runtime      # DAGs    # Errors  Last Runtime    Last Run               Last # of DB Queries
---------------------------------------  -----  ---------  --------  ----------  --------------  -------------------  ----------------------
/opt/airflow/dags/email_pipeline_dag.py                           1           0  0.63s           2024-11-13T05:08:36                      12
================================================================================
[2024-11-13T05:09:20.351+0000] {manager.py:997} INFO - 
================================================================================
DAG File Processing Stats

File Path                                PID    Runtime      # DAGs    # Errors  Last Runtime    Last Run               Last # of DB Queries
---------------------------------------  -----  ---------  --------  ----------  --------------  -------------------  ----------------------
/opt/airflow/dags/email_pipeline_dag.py                           1           0  0.76s           2024-11-13T05:09:07                      12
================================================================================
[2024-11-13T05:09:50.633+0000] {manager.py:997} INFO - 
================================================================================
DAG File Processing Stats

File Path                                PID    Runtime      # DAGs    # Errors  Last Runtime    Last Run               Last # of DB Queries
---------------------------------------  -----  ---------  --------  ----------  --------------  -------------------  ----------------------
/opt/airflow/dags/email_pipeline_dag.py                           1           0  0.70s           2024-11-13T05:09:39                      12
================================================================================
[2024-11-13T05:10:13.318+0000] {manager.py:821} INFO - Searching for files in /opt/airflow/dags
[2024-11-13T05:10:13.328+0000] {manager.py:824} INFO - There are 1 files in /opt/airflow/dags
[2024-11-13T05:10:20.692+0000] {manager.py:997} INFO - 
================================================================================
DAG File Processing Stats

File Path                                PID    Runtime      # DAGs    # Errors  Last Runtime    Last Run               Last # of DB Queries
---------------------------------------  -----  ---------  --------  ----------  --------------  -------------------  ----------------------
/opt/airflow/dags/email_pipeline_dag.py                           1           0  3.45s           2024-11-13T05:10:13                      12
================================================================================
[2024-11-13T05:10:50.921+0000] {manager.py:997} INFO - 
================================================================================
DAG File Processing Stats

File Path                                PID    Runtime      # DAGs    # Errors  Last Runtime    Last Run               Last # of DB Queries
---------------------------------------  -----  ---------  --------  ----------  --------------  -------------------  ----------------------
/opt/airflow/dags/email_pipeline_dag.py                           1           0  0.84s           2024-11-13T05:10:44                      12
================================================================================
[2024-11-13T05:11:21.309+0000] {manager.py:997} INFO - 
================================================================================
DAG File Processing Stats

File Path                                PID    Runtime      # DAGs    # Errors  Last Runtime    Last Run               Last # of DB Queries
---------------------------------------  -----  ---------  --------  ----------  --------------  -------------------  ----------------------
/opt/airflow/dags/email_pipeline_dag.py                           1           0  0.67s           2024-11-13T05:11:15                      12
================================================================================
[2024-11-13T05:11:51.683+0000] {manager.py:997} INFO - 
================================================================================
DAG File Processing Stats

File Path                                PID    Runtime      # DAGs    # Errors  Last Runtime    Last Run               Last # of DB Queries
---------------------------------------  -----  ---------  --------  ----------  --------------  -------------------  ----------------------
/opt/airflow/dags/email_pipeline_dag.py                           1           0  0.73s           2024-11-13T05:11:47                      12
================================================================================
[2024-11-13T05:12:21.949+0000] {manager.py:997} INFO - 
================================================================================
DAG File Processing Stats

File Path                                PID    Runtime      # DAGs    # Errors  Last Runtime    Last Run               Last # of DB Queries
---------------------------------------  -----  ---------  --------  ----------  --------------  -------------------  ----------------------
/opt/airflow/dags/email_pipeline_dag.py                           1           0  1.37s           2024-11-13T05:12:19                      12
================================================================================
[2024-11-13T05:12:52.242+0000] {manager.py:997} INFO - 
================================================================================
DAG File Processing Stats

File Path                                PID    Runtime      # DAGs    # Errors  Last Runtime    Last Run               Last # of DB Queries
---------------------------------------  -----  ---------  --------  ----------  --------------  -------------------  ----------------------
/opt/airflow/dags/email_pipeline_dag.py                           1           0  0.71s           2024-11-13T05:12:50                      12
================================================================================
[2024-11-13T05:13:22.562+0000] {manager.py:997} INFO - 
================================================================================
DAG File Processing Stats

File Path                                PID    Runtime      # DAGs    # Errors  Last Runtime    Last Run               Last # of DB Queries
---------------------------------------  -----  ---------  --------  ----------  --------------  -------------------  ----------------------
/opt/airflow/dags/email_pipeline_dag.py                           1           0  0.89s           2024-11-13T05:13:22                      12
================================================================================
[2024-11-13T05:13:52.570+0000] {manager.py:997} INFO - 
================================================================================
DAG File Processing Stats

File Path                                  PID  Runtime      # DAGs    # Errors  Last Runtime    Last Run               Last # of DB Queries
---------------------------------------  -----  ---------  --------  ----------  --------------  -------------------  ----------------------
/opt/airflow/dags/email_pipeline_dag.py    275  0.34s             1           0  0.89s           2024-11-13T05:13:22                      12
================================================================================
[2024-11-13T05:14:23.061+0000] {manager.py:997} INFO - 
================================================================================
DAG File Processing Stats

File Path                                  PID  Runtime      # DAGs    # Errors  Last Runtime    Last Run               Last # of DB Queries
---------------------------------------  -----  ---------  --------  ----------  --------------  -------------------  ----------------------
/opt/airflow/dags/email_pipeline_dag.py    283  0.05s             1           0  0.71s           2024-11-13T05:13:52                      12
================================================================================
[2024-11-13T05:14:53.236+0000] {manager.py:997} INFO - 
================================================================================
DAG File Processing Stats

File Path                                PID    Runtime      # DAGs    # Errors  Last Runtime    Last Run               Last # of DB Queries
---------------------------------------  -----  ---------  --------  ----------  --------------  -------------------  ----------------------
/opt/airflow/dags/email_pipeline_dag.py                           1           0  0.69s           2024-11-13T05:14:23                      12
================================================================================
[2024-11-13T05:15:13.684+0000] {manager.py:821} INFO - Searching for files in /opt/airflow/dags
[2024-11-13T05:15:13.696+0000] {manager.py:824} INFO - There are 1 files in /opt/airflow/dags
[2024-11-13T05:15:23.896+0000] {manager.py:997} INFO - 
================================================================================
DAG File Processing Stats

File Path                                PID    Runtime      # DAGs    # Errors  Last Runtime    Last Run               Last # of DB Queries
---------------------------------------  -----  ---------  --------  ----------  --------------  -------------------  ----------------------
/opt/airflow/dags/email_pipeline_dag.py                           1           0  0.95s           2024-11-13T05:14:55                      12
================================================================================
[2024-11-13T05:15:54.322+0000] {manager.py:997} INFO - 
================================================================================
DAG File Processing Stats

File Path                                PID    Runtime      # DAGs    # Errors  Last Runtime    Last Run               Last # of DB Queries
---------------------------------------  -----  ---------  --------  ----------  --------------  -------------------  ----------------------
/opt/airflow/dags/email_pipeline_dag.py                           1           0  1.29s           2024-11-13T05:15:27                      12
================================================================================
[2024-11-13T05:16:25.023+0000] {manager.py:997} INFO - 
================================================================================
DAG File Processing Stats

File Path                                PID    Runtime      # DAGs    # Errors  Last Runtime    Last Run               Last # of DB Queries
---------------------------------------  -----  ---------  --------  ----------  --------------  -------------------  ----------------------
/opt/airflow/dags/email_pipeline_dag.py                           1           0  1.06s           2024-11-13T05:15:58                      12
================================================================================
[2024-11-13T05:16:55.877+0000] {manager.py:997} INFO - 
================================================================================
DAG File Processing Stats

File Path                                PID    Runtime      # DAGs    # Errors  Last Runtime    Last Run               Last # of DB Queries
---------------------------------------  -----  ---------  --------  ----------  --------------  -------------------  ----------------------
/opt/airflow/dags/email_pipeline_dag.py                           1           0  1.11s           2024-11-13T05:16:30                      12
================================================================================
[2024-11-13T05:17:26.265+0000] {manager.py:997} INFO - 
================================================================================
DAG File Processing Stats

File Path                                PID    Runtime      # DAGs    # Errors  Last Runtime    Last Run               Last # of DB Queries
---------------------------------------  -----  ---------  --------  ----------  --------------  -------------------  ----------------------
/opt/airflow/dags/email_pipeline_dag.py                           1           0  0.64s           2024-11-13T05:17:01                      12
================================================================================
[2024-11-13T05:17:56.407+0000] {manager.py:997} INFO - 
================================================================================
DAG File Processing Stats

File Path                                PID    Runtime      # DAGs    # Errors  Last Runtime    Last Run               Last # of DB Queries
---------------------------------------  -----  ---------  --------  ----------  --------------  -------------------  ----------------------
/opt/airflow/dags/email_pipeline_dag.py                           1           0  1.16s           2024-11-13T05:17:33                      12
================================================================================
[2024-11-13T05:18:26.666+0000] {manager.py:997} INFO - 
================================================================================
DAG File Processing Stats

File Path                                PID    Runtime      # DAGs    # Errors  Last Runtime    Last Run               Last # of DB Queries
---------------------------------------  -----  ---------  --------  ----------  --------------  -------------------  ----------------------
/opt/airflow/dags/email_pipeline_dag.py                           1           0  0.77s           2024-11-13T05:18:04                      12
================================================================================
[2024-11-13T05:18:56.797+0000] {manager.py:997} INFO - 
================================================================================
DAG File Processing Stats

File Path                                PID    Runtime      # DAGs    # Errors  Last Runtime    Last Run               Last # of DB Queries
---------------------------------------  -----  ---------  --------  ----------  --------------  -------------------  ----------------------
/opt/airflow/dags/email_pipeline_dag.py                           1           0  0.72s           2024-11-13T05:18:35                      12
================================================================================
[2024-11-13T05:19:26.879+0000] {manager.py:997} INFO - 
================================================================================
DAG File Processing Stats

File Path                                PID    Runtime      # DAGs    # Errors  Last Runtime    Last Run               Last # of DB Queries
---------------------------------------  -----  ---------  --------  ----------  --------------  -------------------  ----------------------
/opt/airflow/dags/email_pipeline_dag.py                           1           0  0.70s           2024-11-13T05:19:06                      12
================================================================================
[2024-11-13T05:19:57.172+0000] {manager.py:997} INFO - 
================================================================================
DAG File Processing Stats

File Path                                PID    Runtime      # DAGs    # Errors  Last Runtime    Last Run               Last # of DB Queries
---------------------------------------  -----  ---------  --------  ----------  --------------  -------------------  ----------------------
/opt/airflow/dags/email_pipeline_dag.py                           1           0  0.78s           2024-11-13T05:19:37                      12
================================================================================
[2024-11-13T05:20:14.385+0000] {manager.py:821} INFO - Searching for files in /opt/airflow/dags
[2024-11-13T05:20:14.391+0000] {manager.py:824} INFO - There are 1 files in /opt/airflow/dags
[2024-11-13T05:20:27.626+0000] {manager.py:997} INFO - 
================================================================================
DAG File Processing Stats

File Path                                PID    Runtime      # DAGs    # Errors  Last Runtime    Last Run               Last # of DB Queries
---------------------------------------  -----  ---------  --------  ----------  --------------  -------------------  ----------------------
/opt/airflow/dags/email_pipeline_dag.py                           1           0  1.34s           2024-11-13T05:20:09                      12
================================================================================
[2024-11-13T05:20:58.491+0000] {manager.py:997} INFO - 
================================================================================
DAG File Processing Stats

File Path                                PID    Runtime      # DAGs    # Errors  Last Runtime    Last Run               Last # of DB Queries
---------------------------------------  -----  ---------  --------  ----------  --------------  -------------------  ----------------------
/opt/airflow/dags/email_pipeline_dag.py                           1           0  1.11s           2024-11-13T05:20:40                      12
================================================================================
[2024-11-13T05:21:28.905+0000] {manager.py:997} INFO - 
================================================================================
DAG File Processing Stats

File Path                                PID    Runtime      # DAGs    # Errors  Last Runtime    Last Run               Last # of DB Queries
---------------------------------------  -----  ---------  --------  ----------  --------------  -------------------  ----------------------
/opt/airflow/dags/email_pipeline_dag.py                           1           0  0.91s           2024-11-13T05:21:12                      12
================================================================================
[2024-11-13T05:21:59.057+0000] {manager.py:997} INFO - 
================================================================================
DAG File Processing Stats

File Path                                PID    Runtime      # DAGs    # Errors  Last Runtime    Last Run               Last # of DB Queries
---------------------------------------  -----  ---------  --------  ----------  --------------  -------------------  ----------------------
/opt/airflow/dags/email_pipeline_dag.py                           1           0  0.63s           2024-11-13T05:21:43                      12
================================================================================
[2024-11-13T05:22:29.456+0000] {manager.py:997} INFO - 
================================================================================
DAG File Processing Stats

File Path                                PID    Runtime      # DAGs    # Errors  Last Runtime    Last Run               Last # of DB Queries
---------------------------------------  -----  ---------  --------  ----------  --------------  -------------------  ----------------------
/opt/airflow/dags/email_pipeline_dag.py                           1           0  0.67s           2024-11-13T05:22:14                      12
================================================================================
