[2024-11-13T04:58:04.551+0000] {processor.py:186} INFO - Started process (PID=46) to work on /opt/airflow/dags/email_pipeline_dag.py
[2024-11-13T04:58:04.558+0000] {processor.py:914} INFO - Processing file /opt/airflow/dags/email_pipeline_dag.py for tasks to queue
[2024-11-13T04:58:04.564+0000] {logging_mixin.py:190} INFO - [2024-11-13T04:58:04.563+0000] {dagbag.py:588} INFO - Filling up the DagBag from /opt/airflow/dags/email_pipeline_dag.py
[2024-11-13T04:58:07.255+0000] {logging_mixin.py:190} INFO - [2024-11-13T04:58:07.250+0000] {dagbag.py:387} ERROR - Failed to import: /opt/airflow/dags/email_pipeline_dag.py
Traceback (most recent call last):
  File "/home/airflow/.local/lib/python3.12/site-packages/airflow/models/dagbag.py", line 383, in parse
    loader.exec_module(new_module)
  File "<frozen importlib._bootstrap_external>", line 995, in exec_module
  File "<frozen importlib._bootstrap>", line 488, in _call_with_frames_removed
  File "/opt/airflow/dags/email_pipeline_dag.py", line 6, in <module>
    from pymongo import MongoClient
ModuleNotFoundError: No module named 'pymongo'
[2024-11-13T04:58:07.257+0000] {processor.py:927} WARNING - No viable dags retrieved from /opt/airflow/dags/email_pipeline_dag.py
[2024-11-13T04:58:07.330+0000] {processor.py:208} INFO - Processing /opt/airflow/dags/email_pipeline_dag.py took 2.823 seconds
[2024-11-13T04:58:37.819+0000] {processor.py:186} INFO - Started process (PID=60) to work on /opt/airflow/dags/email_pipeline_dag.py
[2024-11-13T04:58:37.820+0000] {processor.py:914} INFO - Processing file /opt/airflow/dags/email_pipeline_dag.py for tasks to queue
[2024-11-13T04:58:37.839+0000] {logging_mixin.py:190} INFO - [2024-11-13T04:58:37.838+0000] {dagbag.py:588} INFO - Filling up the DagBag from /opt/airflow/dags/email_pipeline_dag.py
[2024-11-13T04:58:38.523+0000] {logging_mixin.py:190} INFO - [2024-11-13T04:58:38.516+0000] {dagbag.py:387} ERROR - Failed to import: /opt/airflow/dags/email_pipeline_dag.py
Traceback (most recent call last):
  File "/home/airflow/.local/lib/python3.12/site-packages/airflow/models/dagbag.py", line 383, in parse
    loader.exec_module(new_module)
  File "<frozen importlib._bootstrap_external>", line 995, in exec_module
  File "<frozen importlib._bootstrap>", line 488, in _call_with_frames_removed
  File "/opt/airflow/dags/email_pipeline_dag.py", line 6, in <module>
    from pymongo import MongoClient
ModuleNotFoundError: No module named 'pymongo'
[2024-11-13T04:58:38.524+0000] {processor.py:927} WARNING - No viable dags retrieved from /opt/airflow/dags/email_pipeline_dag.py
[2024-11-13T04:58:38.578+0000] {processor.py:208} INFO - Processing /opt/airflow/dags/email_pipeline_dag.py took 0.772 seconds
[2024-11-13T04:59:09.289+0000] {processor.py:186} INFO - Started process (PID=68) to work on /opt/airflow/dags/email_pipeline_dag.py
[2024-11-13T04:59:09.293+0000] {processor.py:914} INFO - Processing file /opt/airflow/dags/email_pipeline_dag.py for tasks to queue
[2024-11-13T04:59:09.329+0000] {logging_mixin.py:190} INFO - [2024-11-13T04:59:09.320+0000] {dagbag.py:588} INFO - Filling up the DagBag from /opt/airflow/dags/email_pipeline_dag.py
[2024-11-13T04:59:11.056+0000] {logging_mixin.py:190} INFO - [2024-11-13T04:59:11.051+0000] {dagbag.py:387} ERROR - Failed to import: /opt/airflow/dags/email_pipeline_dag.py
Traceback (most recent call last):
  File "/home/airflow/.local/lib/python3.12/site-packages/airflow/models/dagbag.py", line 383, in parse
    loader.exec_module(new_module)
  File "<frozen importlib._bootstrap_external>", line 995, in exec_module
  File "<frozen importlib._bootstrap>", line 488, in _call_with_frames_removed
  File "/opt/airflow/dags/email_pipeline_dag.py", line 6, in <module>
    from pymongo import MongoClient
ModuleNotFoundError: No module named 'pymongo'
[2024-11-13T04:59:11.057+0000] {processor.py:927} WARNING - No viable dags retrieved from /opt/airflow/dags/email_pipeline_dag.py
[2024-11-13T04:59:11.109+0000] {processor.py:208} INFO - Processing /opt/airflow/dags/email_pipeline_dag.py took 1.875 seconds
[2024-11-13T05:00:12.524+0000] {processor.py:186} INFO - Started process (PID=52) to work on /opt/airflow/dags/email_pipeline_dag.py
[2024-11-13T05:00:12.529+0000] {processor.py:914} INFO - Processing file /opt/airflow/dags/email_pipeline_dag.py for tasks to queue
[2024-11-13T05:00:12.536+0000] {logging_mixin.py:190} INFO - [2024-11-13T05:00:12.535+0000] {dagbag.py:588} INFO - Filling up the DagBag from /opt/airflow/dags/email_pipeline_dag.py
[2024-11-13T05:00:16.074+0000] {processor.py:925} INFO - DAG(s) 'email_pipeline_dag' retrieved from /opt/airflow/dags/email_pipeline_dag.py
[2024-11-13T05:00:16.518+0000] {logging_mixin.py:190} INFO - [2024-11-13T05:00:16.512+0000] {override.py:1900} INFO - Created Permission View: can read on DAG:email_pipeline_dag
[2024-11-13T05:00:16.546+0000] {logging_mixin.py:190} INFO - [2024-11-13T05:00:16.545+0000] {override.py:1900} INFO - Created Permission View: can edit on DAG:email_pipeline_dag
[2024-11-13T05:00:16.560+0000] {logging_mixin.py:190} INFO - [2024-11-13T05:00:16.559+0000] {override.py:1900} INFO - Created Permission View: can delete on DAG:email_pipeline_dag
[2024-11-13T05:00:16.591+0000] {logging_mixin.py:190} INFO - [2024-11-13T05:00:16.590+0000] {override.py:1900} INFO - Created Permission View: can create on DAG Run:email_pipeline_dag
[2024-11-13T05:00:16.605+0000] {logging_mixin.py:190} INFO - [2024-11-13T05:00:16.605+0000] {override.py:1900} INFO - Created Permission View: can read on DAG Run:email_pipeline_dag
[2024-11-13T05:00:16.611+0000] {logging_mixin.py:190} INFO - [2024-11-13T05:00:16.611+0000] {override.py:1900} INFO - Created Permission View: can delete on DAG Run:email_pipeline_dag
[2024-11-13T05:00:16.615+0000] {logging_mixin.py:190} INFO - [2024-11-13T05:00:16.615+0000] {override.py:1900} INFO - Created Permission View: menu access on DAG Run:email_pipeline_dag
[2024-11-13T05:00:16.618+0000] {logging_mixin.py:190} INFO - [2024-11-13T05:00:16.617+0000] {dag.py:3239} INFO - Sync 1 DAGs
[2024-11-13T05:00:16.662+0000] {logging_mixin.py:190} INFO - [2024-11-13T05:00:16.659+0000] {dag.py:3262} INFO - Creating ORM DAG for email_pipeline_dag
[2024-11-13T05:00:16.691+0000] {logging_mixin.py:190} INFO - [2024-11-13T05:00:16.690+0000] {dag.py:4180} INFO - Setting next_dagrun for email_pipeline_dag to 2024-11-13 04:55:00+00:00, run_after=2024-11-13 05:00:00+00:00
[2024-11-13T05:00:16.737+0000] {processor.py:208} INFO - Processing /opt/airflow/dags/email_pipeline_dag.py took 4.220 seconds
[2024-11-13T05:00:47.350+0000] {processor.py:186} INFO - Started process (PID=70) to work on /opt/airflow/dags/email_pipeline_dag.py
[2024-11-13T05:00:47.353+0000] {processor.py:914} INFO - Processing file /opt/airflow/dags/email_pipeline_dag.py for tasks to queue
[2024-11-13T05:00:47.368+0000] {logging_mixin.py:190} INFO - [2024-11-13T05:00:47.363+0000] {dagbag.py:588} INFO - Filling up the DagBag from /opt/airflow/dags/email_pipeline_dag.py
[2024-11-13T05:00:48.501+0000] {processor.py:925} INFO - DAG(s) 'email_pipeline_dag' retrieved from /opt/airflow/dags/email_pipeline_dag.py
[2024-11-13T05:00:48.517+0000] {logging_mixin.py:190} INFO - [2024-11-13T05:00:48.517+0000] {dag.py:3239} INFO - Sync 1 DAGs
[2024-11-13T05:00:48.533+0000] {logging_mixin.py:190} INFO - [2024-11-13T05:00:48.533+0000] {dag.py:4180} INFO - Setting next_dagrun for email_pipeline_dag to 2024-11-13 05:00:00+00:00, run_after=2024-11-13 05:05:00+00:00
[2024-11-13T05:00:48.548+0000] {processor.py:208} INFO - Processing /opt/airflow/dags/email_pipeline_dag.py took 1.207 seconds
[2024-11-13T05:01:19.280+0000] {processor.py:186} INFO - Started process (PID=78) to work on /opt/airflow/dags/email_pipeline_dag.py
[2024-11-13T05:01:19.284+0000] {processor.py:914} INFO - Processing file /opt/airflow/dags/email_pipeline_dag.py for tasks to queue
[2024-11-13T05:01:19.288+0000] {logging_mixin.py:190} INFO - [2024-11-13T05:01:19.287+0000] {dagbag.py:588} INFO - Filling up the DagBag from /opt/airflow/dags/email_pipeline_dag.py
[2024-11-13T05:01:19.961+0000] {processor.py:925} INFO - DAG(s) 'email_pipeline_dag' retrieved from /opt/airflow/dags/email_pipeline_dag.py
[2024-11-13T05:01:19.980+0000] {logging_mixin.py:190} INFO - [2024-11-13T05:01:19.980+0000] {dag.py:3239} INFO - Sync 1 DAGs
[2024-11-13T05:01:19.992+0000] {logging_mixin.py:190} INFO - [2024-11-13T05:01:19.992+0000] {dag.py:4180} INFO - Setting next_dagrun for email_pipeline_dag to 2024-11-13 05:00:00+00:00, run_after=2024-11-13 05:05:00+00:00
[2024-11-13T05:01:20.000+0000] {processor.py:208} INFO - Processing /opt/airflow/dags/email_pipeline_dag.py took 0.743 seconds
[2024-11-13T05:01:50.953+0000] {processor.py:186} INFO - Started process (PID=86) to work on /opt/airflow/dags/email_pipeline_dag.py
[2024-11-13T05:01:50.955+0000] {processor.py:914} INFO - Processing file /opt/airflow/dags/email_pipeline_dag.py for tasks to queue
[2024-11-13T05:01:50.959+0000] {logging_mixin.py:190} INFO - [2024-11-13T05:01:50.958+0000] {dagbag.py:588} INFO - Filling up the DagBag from /opt/airflow/dags/email_pipeline_dag.py
[2024-11-13T05:01:51.510+0000] {processor.py:925} INFO - DAG(s) 'email_pipeline_dag' retrieved from /opt/airflow/dags/email_pipeline_dag.py
[2024-11-13T05:01:51.533+0000] {logging_mixin.py:190} INFO - [2024-11-13T05:01:51.533+0000] {dag.py:3239} INFO - Sync 1 DAGs
[2024-11-13T05:01:51.547+0000] {logging_mixin.py:190} INFO - [2024-11-13T05:01:51.547+0000] {dag.py:4180} INFO - Setting next_dagrun for email_pipeline_dag to 2024-11-13 05:00:00+00:00, run_after=2024-11-13 05:05:00+00:00
[2024-11-13T05:01:51.555+0000] {processor.py:208} INFO - Processing /opt/airflow/dags/email_pipeline_dag.py took 0.610 seconds
[2024-11-13T05:02:21.965+0000] {processor.py:186} INFO - Started process (PID=94) to work on /opt/airflow/dags/email_pipeline_dag.py
[2024-11-13T05:02:21.967+0000] {processor.py:914} INFO - Processing file /opt/airflow/dags/email_pipeline_dag.py for tasks to queue
[2024-11-13T05:02:21.980+0000] {logging_mixin.py:190} INFO - [2024-11-13T05:02:21.976+0000] {dagbag.py:588} INFO - Filling up the DagBag from /opt/airflow/dags/email_pipeline_dag.py
[2024-11-13T05:02:23.001+0000] {processor.py:925} INFO - DAG(s) 'email_pipeline_dag' retrieved from /opt/airflow/dags/email_pipeline_dag.py
[2024-11-13T05:02:23.039+0000] {logging_mixin.py:190} INFO - [2024-11-13T05:02:23.038+0000] {dag.py:3239} INFO - Sync 1 DAGs
[2024-11-13T05:02:23.084+0000] {logging_mixin.py:190} INFO - [2024-11-13T05:02:23.084+0000] {dag.py:4180} INFO - Setting next_dagrun for email_pipeline_dag to 2024-11-13 05:00:00+00:00, run_after=2024-11-13 05:05:00+00:00
[2024-11-13T05:02:23.098+0000] {processor.py:208} INFO - Processing /opt/airflow/dags/email_pipeline_dag.py took 1.141 seconds
[2024-11-13T05:02:53.464+0000] {processor.py:186} INFO - Started process (PID=102) to work on /opt/airflow/dags/email_pipeline_dag.py
[2024-11-13T05:02:53.466+0000] {processor.py:914} INFO - Processing file /opt/airflow/dags/email_pipeline_dag.py for tasks to queue
[2024-11-13T05:02:53.471+0000] {logging_mixin.py:190} INFO - [2024-11-13T05:02:53.471+0000] {dagbag.py:588} INFO - Filling up the DagBag from /opt/airflow/dags/email_pipeline_dag.py
[2024-11-13T05:02:54.146+0000] {processor.py:925} INFO - DAG(s) 'email_pipeline_dag' retrieved from /opt/airflow/dags/email_pipeline_dag.py
[2024-11-13T05:02:54.182+0000] {logging_mixin.py:190} INFO - [2024-11-13T05:02:54.181+0000] {dag.py:3239} INFO - Sync 1 DAGs
[2024-11-13T05:02:54.200+0000] {logging_mixin.py:190} INFO - [2024-11-13T05:02:54.199+0000] {dag.py:4180} INFO - Setting next_dagrun for email_pipeline_dag to 2024-11-13 05:00:00+00:00, run_after=2024-11-13 05:05:00+00:00
[2024-11-13T05:02:54.209+0000] {processor.py:208} INFO - Processing /opt/airflow/dags/email_pipeline_dag.py took 0.770 seconds
[2024-11-13T05:03:24.675+0000] {processor.py:186} INFO - Started process (PID=110) to work on /opt/airflow/dags/email_pipeline_dag.py
[2024-11-13T05:03:24.677+0000] {processor.py:914} INFO - Processing file /opt/airflow/dags/email_pipeline_dag.py for tasks to queue
[2024-11-13T05:03:24.681+0000] {logging_mixin.py:190} INFO - [2024-11-13T05:03:24.681+0000] {dagbag.py:588} INFO - Filling up the DagBag from /opt/airflow/dags/email_pipeline_dag.py
[2024-11-13T05:03:25.196+0000] {processor.py:925} INFO - DAG(s) 'email_pipeline_dag' retrieved from /opt/airflow/dags/email_pipeline_dag.py
[2024-11-13T05:03:25.215+0000] {logging_mixin.py:190} INFO - [2024-11-13T05:03:25.214+0000] {dag.py:3239} INFO - Sync 1 DAGs
[2024-11-13T05:03:25.225+0000] {logging_mixin.py:190} INFO - [2024-11-13T05:03:25.225+0000] {dag.py:4180} INFO - Setting next_dagrun for email_pipeline_dag to 2024-11-13 05:00:00+00:00, run_after=2024-11-13 05:05:00+00:00
[2024-11-13T05:03:25.233+0000] {processor.py:208} INFO - Processing /opt/airflow/dags/email_pipeline_dag.py took 0.570 seconds
[2024-11-13T05:03:55.884+0000] {processor.py:186} INFO - Started process (PID=118) to work on /opt/airflow/dags/email_pipeline_dag.py
[2024-11-13T05:03:55.887+0000] {processor.py:914} INFO - Processing file /opt/airflow/dags/email_pipeline_dag.py for tasks to queue
[2024-11-13T05:03:55.892+0000] {logging_mixin.py:190} INFO - [2024-11-13T05:03:55.891+0000] {dagbag.py:588} INFO - Filling up the DagBag from /opt/airflow/dags/email_pipeline_dag.py
[2024-11-13T05:03:56.397+0000] {processor.py:925} INFO - DAG(s) 'email_pipeline_dag' retrieved from /opt/airflow/dags/email_pipeline_dag.py
[2024-11-13T05:03:56.419+0000] {logging_mixin.py:190} INFO - [2024-11-13T05:03:56.418+0000] {dag.py:3239} INFO - Sync 1 DAGs
[2024-11-13T05:03:56.433+0000] {logging_mixin.py:190} INFO - [2024-11-13T05:03:56.432+0000] {dag.py:4180} INFO - Setting next_dagrun for email_pipeline_dag to 2024-11-13 05:00:00+00:00, run_after=2024-11-13 05:05:00+00:00
[2024-11-13T05:03:56.441+0000] {processor.py:208} INFO - Processing /opt/airflow/dags/email_pipeline_dag.py took 0.572 seconds
[2024-11-13T05:04:26.551+0000] {processor.py:186} INFO - Started process (PID=126) to work on /opt/airflow/dags/email_pipeline_dag.py
[2024-11-13T05:04:26.554+0000] {processor.py:914} INFO - Processing file /opt/airflow/dags/email_pipeline_dag.py for tasks to queue
[2024-11-13T05:04:26.558+0000] {logging_mixin.py:190} INFO - [2024-11-13T05:04:26.558+0000] {dagbag.py:588} INFO - Filling up the DagBag from /opt/airflow/dags/email_pipeline_dag.py
[2024-11-13T05:04:27.101+0000] {processor.py:925} INFO - DAG(s) 'email_pipeline_dag' retrieved from /opt/airflow/dags/email_pipeline_dag.py
[2024-11-13T05:04:27.119+0000] {logging_mixin.py:190} INFO - [2024-11-13T05:04:27.119+0000] {dag.py:3239} INFO - Sync 1 DAGs
[2024-11-13T05:04:27.133+0000] {logging_mixin.py:190} INFO - [2024-11-13T05:04:27.133+0000] {dag.py:4180} INFO - Setting next_dagrun for email_pipeline_dag to 2024-11-13 05:00:00+00:00, run_after=2024-11-13 05:05:00+00:00
[2024-11-13T05:04:27.140+0000] {processor.py:208} INFO - Processing /opt/airflow/dags/email_pipeline_dag.py took 0.628 seconds
[2024-11-13T05:04:57.567+0000] {processor.py:186} INFO - Started process (PID=134) to work on /opt/airflow/dags/email_pipeline_dag.py
[2024-11-13T05:04:57.568+0000] {processor.py:914} INFO - Processing file /opt/airflow/dags/email_pipeline_dag.py for tasks to queue
[2024-11-13T05:04:57.573+0000] {logging_mixin.py:190} INFO - [2024-11-13T05:04:57.572+0000] {dagbag.py:588} INFO - Filling up the DagBag from /opt/airflow/dags/email_pipeline_dag.py
[2024-11-13T05:04:58.239+0000] {processor.py:925} INFO - DAG(s) 'email_pipeline_dag' retrieved from /opt/airflow/dags/email_pipeline_dag.py
[2024-11-13T05:04:58.264+0000] {logging_mixin.py:190} INFO - [2024-11-13T05:04:58.264+0000] {dag.py:3239} INFO - Sync 1 DAGs
[2024-11-13T05:04:58.279+0000] {logging_mixin.py:190} INFO - [2024-11-13T05:04:58.279+0000] {dag.py:4180} INFO - Setting next_dagrun for email_pipeline_dag to 2024-11-13 05:00:00+00:00, run_after=2024-11-13 05:05:00+00:00
[2024-11-13T05:04:58.289+0000] {processor.py:208} INFO - Processing /opt/airflow/dags/email_pipeline_dag.py took 0.730 seconds
[2024-11-13T05:05:29.211+0000] {processor.py:186} INFO - Started process (PID=142) to work on /opt/airflow/dags/email_pipeline_dag.py
[2024-11-13T05:05:29.215+0000] {processor.py:914} INFO - Processing file /opt/airflow/dags/email_pipeline_dag.py for tasks to queue
[2024-11-13T05:05:29.230+0000] {logging_mixin.py:190} INFO - [2024-11-13T05:05:29.229+0000] {dagbag.py:588} INFO - Filling up the DagBag from /opt/airflow/dags/email_pipeline_dag.py
[2024-11-13T05:05:30.035+0000] {processor.py:925} INFO - DAG(s) 'email_pipeline_dag' retrieved from /opt/airflow/dags/email_pipeline_dag.py
[2024-11-13T05:05:30.062+0000] {logging_mixin.py:190} INFO - [2024-11-13T05:05:30.061+0000] {dag.py:3239} INFO - Sync 1 DAGs
[2024-11-13T05:05:30.077+0000] {logging_mixin.py:190} INFO - [2024-11-13T05:05:30.077+0000] {dag.py:4180} INFO - Setting next_dagrun for email_pipeline_dag to 2024-11-13 05:05:00+00:00, run_after=2024-11-13 05:10:00+00:00
[2024-11-13T05:05:30.085+0000] {processor.py:208} INFO - Processing /opt/airflow/dags/email_pipeline_dag.py took 0.889 seconds
[2024-11-13T05:06:00.396+0000] {processor.py:186} INFO - Started process (PID=150) to work on /opt/airflow/dags/email_pipeline_dag.py
[2024-11-13T05:06:00.402+0000] {processor.py:914} INFO - Processing file /opt/airflow/dags/email_pipeline_dag.py for tasks to queue
[2024-11-13T05:06:00.409+0000] {logging_mixin.py:190} INFO - [2024-11-13T05:06:00.408+0000] {dagbag.py:588} INFO - Filling up the DagBag from /opt/airflow/dags/email_pipeline_dag.py
[2024-11-13T05:06:01.331+0000] {processor.py:925} INFO - DAG(s) 'email_pipeline_dag' retrieved from /opt/airflow/dags/email_pipeline_dag.py
[2024-11-13T05:06:01.390+0000] {logging_mixin.py:190} INFO - [2024-11-13T05:06:01.390+0000] {dag.py:3239} INFO - Sync 1 DAGs
[2024-11-13T05:06:01.409+0000] {logging_mixin.py:190} INFO - [2024-11-13T05:06:01.408+0000] {dag.py:4180} INFO - Setting next_dagrun for email_pipeline_dag to 2024-11-13 05:05:00+00:00, run_after=2024-11-13 05:10:00+00:00
[2024-11-13T05:06:01.425+0000] {processor.py:208} INFO - Processing /opt/airflow/dags/email_pipeline_dag.py took 1.055 seconds
[2024-11-13T05:06:32.000+0000] {processor.py:186} INFO - Started process (PID=158) to work on /opt/airflow/dags/email_pipeline_dag.py
[2024-11-13T05:06:32.002+0000] {processor.py:914} INFO - Processing file /opt/airflow/dags/email_pipeline_dag.py for tasks to queue
[2024-11-13T05:06:32.006+0000] {logging_mixin.py:190} INFO - [2024-11-13T05:06:32.006+0000] {dagbag.py:588} INFO - Filling up the DagBag from /opt/airflow/dags/email_pipeline_dag.py
[2024-11-13T05:06:32.535+0000] {processor.py:925} INFO - DAG(s) 'email_pipeline_dag' retrieved from /opt/airflow/dags/email_pipeline_dag.py
[2024-11-13T05:06:32.554+0000] {logging_mixin.py:190} INFO - [2024-11-13T05:06:32.553+0000] {dag.py:3239} INFO - Sync 1 DAGs
[2024-11-13T05:06:32.567+0000] {logging_mixin.py:190} INFO - [2024-11-13T05:06:32.566+0000] {dag.py:4180} INFO - Setting next_dagrun for email_pipeline_dag to 2024-11-13 05:05:00+00:00, run_after=2024-11-13 05:10:00+00:00
[2024-11-13T05:06:32.576+0000] {processor.py:208} INFO - Processing /opt/airflow/dags/email_pipeline_dag.py took 0.585 seconds
[2024-11-13T05:07:03.299+0000] {processor.py:186} INFO - Started process (PID=166) to work on /opt/airflow/dags/email_pipeline_dag.py
[2024-11-13T05:07:03.301+0000] {processor.py:914} INFO - Processing file /opt/airflow/dags/email_pipeline_dag.py for tasks to queue
[2024-11-13T05:07:03.305+0000] {logging_mixin.py:190} INFO - [2024-11-13T05:07:03.304+0000] {dagbag.py:588} INFO - Filling up the DagBag from /opt/airflow/dags/email_pipeline_dag.py
[2024-11-13T05:07:03.828+0000] {processor.py:925} INFO - DAG(s) 'email_pipeline_dag' retrieved from /opt/airflow/dags/email_pipeline_dag.py
[2024-11-13T05:07:03.846+0000] {logging_mixin.py:190} INFO - [2024-11-13T05:07:03.846+0000] {dag.py:3239} INFO - Sync 1 DAGs
[2024-11-13T05:07:03.858+0000] {logging_mixin.py:190} INFO - [2024-11-13T05:07:03.858+0000] {dag.py:4180} INFO - Setting next_dagrun for email_pipeline_dag to 2024-11-13 05:05:00+00:00, run_after=2024-11-13 05:10:00+00:00
[2024-11-13T05:07:03.866+0000] {processor.py:208} INFO - Processing /opt/airflow/dags/email_pipeline_dag.py took 0.579 seconds
[2024-11-13T05:07:34.301+0000] {processor.py:186} INFO - Started process (PID=174) to work on /opt/airflow/dags/email_pipeline_dag.py
[2024-11-13T05:07:34.310+0000] {processor.py:914} INFO - Processing file /opt/airflow/dags/email_pipeline_dag.py for tasks to queue
[2024-11-13T05:07:34.317+0000] {logging_mixin.py:190} INFO - [2024-11-13T05:07:34.316+0000] {dagbag.py:588} INFO - Filling up the DagBag from /opt/airflow/dags/email_pipeline_dag.py
[2024-11-13T05:07:34.819+0000] {processor.py:925} INFO - DAG(s) 'email_pipeline_dag' retrieved from /opt/airflow/dags/email_pipeline_dag.py
[2024-11-13T05:07:34.838+0000] {logging_mixin.py:190} INFO - [2024-11-13T05:07:34.838+0000] {dag.py:3239} INFO - Sync 1 DAGs
[2024-11-13T05:07:34.850+0000] {logging_mixin.py:190} INFO - [2024-11-13T05:07:34.849+0000] {dag.py:4180} INFO - Setting next_dagrun for email_pipeline_dag to 2024-11-13 05:05:00+00:00, run_after=2024-11-13 05:10:00+00:00
[2024-11-13T05:07:34.857+0000] {processor.py:208} INFO - Processing /opt/airflow/dags/email_pipeline_dag.py took 0.571 seconds
[2024-11-13T05:08:05.211+0000] {processor.py:186} INFO - Started process (PID=182) to work on /opt/airflow/dags/email_pipeline_dag.py
[2024-11-13T05:08:05.213+0000] {processor.py:914} INFO - Processing file /opt/airflow/dags/email_pipeline_dag.py for tasks to queue
[2024-11-13T05:08:05.218+0000] {logging_mixin.py:190} INFO - [2024-11-13T05:08:05.217+0000] {dagbag.py:588} INFO - Filling up the DagBag from /opt/airflow/dags/email_pipeline_dag.py
[2024-11-13T05:08:05.705+0000] {processor.py:925} INFO - DAG(s) 'email_pipeline_dag' retrieved from /opt/airflow/dags/email_pipeline_dag.py
[2024-11-13T05:08:05.721+0000] {logging_mixin.py:190} INFO - [2024-11-13T05:08:05.721+0000] {dag.py:3239} INFO - Sync 1 DAGs
[2024-11-13T05:08:05.732+0000] {logging_mixin.py:190} INFO - [2024-11-13T05:08:05.732+0000] {dag.py:4180} INFO - Setting next_dagrun for email_pipeline_dag to 2024-11-13 05:05:00+00:00, run_after=2024-11-13 05:10:00+00:00
[2024-11-13T05:08:05.739+0000] {processor.py:208} INFO - Processing /opt/airflow/dags/email_pipeline_dag.py took 0.540 seconds
[2024-11-13T05:08:36.166+0000] {processor.py:186} INFO - Started process (PID=190) to work on /opt/airflow/dags/email_pipeline_dag.py
[2024-11-13T05:08:36.168+0000] {processor.py:914} INFO - Processing file /opt/airflow/dags/email_pipeline_dag.py for tasks to queue
[2024-11-13T05:08:36.172+0000] {logging_mixin.py:190} INFO - [2024-11-13T05:08:36.172+0000] {dagbag.py:588} INFO - Filling up the DagBag from /opt/airflow/dags/email_pipeline_dag.py
[2024-11-13T05:08:36.686+0000] {processor.py:925} INFO - DAG(s) 'email_pipeline_dag' retrieved from /opt/airflow/dags/email_pipeline_dag.py
[2024-11-13T05:08:36.704+0000] {logging_mixin.py:190} INFO - [2024-11-13T05:08:36.704+0000] {dag.py:3239} INFO - Sync 1 DAGs
[2024-11-13T05:08:36.716+0000] {logging_mixin.py:190} INFO - [2024-11-13T05:08:36.716+0000] {dag.py:4180} INFO - Setting next_dagrun for email_pipeline_dag to 2024-11-13 05:05:00+00:00, run_after=2024-11-13 05:10:00+00:00
[2024-11-13T05:08:36.723+0000] {processor.py:208} INFO - Processing /opt/airflow/dags/email_pipeline_dag.py took 0.572 seconds
[2024-11-13T05:09:07.200+0000] {processor.py:186} INFO - Started process (PID=198) to work on /opt/airflow/dags/email_pipeline_dag.py
[2024-11-13T05:09:07.202+0000] {processor.py:914} INFO - Processing file /opt/airflow/dags/email_pipeline_dag.py for tasks to queue
[2024-11-13T05:09:07.207+0000] {logging_mixin.py:190} INFO - [2024-11-13T05:09:07.207+0000] {dagbag.py:588} INFO - Filling up the DagBag from /opt/airflow/dags/email_pipeline_dag.py
[2024-11-13T05:09:07.766+0000] {processor.py:925} INFO - DAG(s) 'email_pipeline_dag' retrieved from /opt/airflow/dags/email_pipeline_dag.py
[2024-11-13T05:09:07.816+0000] {logging_mixin.py:190} INFO - [2024-11-13T05:09:07.815+0000] {dag.py:3239} INFO - Sync 1 DAGs
[2024-11-13T05:09:07.839+0000] {logging_mixin.py:190} INFO - [2024-11-13T05:09:07.838+0000] {dag.py:4180} INFO - Setting next_dagrun for email_pipeline_dag to 2024-11-13 05:05:00+00:00, run_after=2024-11-13 05:10:00+00:00
[2024-11-13T05:09:07.859+0000] {processor.py:208} INFO - Processing /opt/airflow/dags/email_pipeline_dag.py took 0.673 seconds
[2024-11-13T05:09:38.786+0000] {processor.py:186} INFO - Started process (PID=206) to work on /opt/airflow/dags/email_pipeline_dag.py
[2024-11-13T05:09:38.788+0000] {processor.py:914} INFO - Processing file /opt/airflow/dags/email_pipeline_dag.py for tasks to queue
[2024-11-13T05:09:38.793+0000] {logging_mixin.py:190} INFO - [2024-11-13T05:09:38.793+0000] {dagbag.py:588} INFO - Filling up the DagBag from /opt/airflow/dags/email_pipeline_dag.py
[2024-11-13T05:09:39.338+0000] {processor.py:925} INFO - DAG(s) 'email_pipeline_dag' retrieved from /opt/airflow/dags/email_pipeline_dag.py
[2024-11-13T05:09:39.371+0000] {logging_mixin.py:190} INFO - [2024-11-13T05:09:39.370+0000] {dag.py:3239} INFO - Sync 1 DAGs
[2024-11-13T05:09:39.387+0000] {logging_mixin.py:190} INFO - [2024-11-13T05:09:39.387+0000] {dag.py:4180} INFO - Setting next_dagrun for email_pipeline_dag to 2024-11-13 05:05:00+00:00, run_after=2024-11-13 05:10:00+00:00
[2024-11-13T05:09:39.395+0000] {processor.py:208} INFO - Processing /opt/airflow/dags/email_pipeline_dag.py took 0.620 seconds
[2024-11-13T05:10:10.229+0000] {processor.py:186} INFO - Started process (PID=214) to work on /opt/airflow/dags/email_pipeline_dag.py
[2024-11-13T05:10:10.232+0000] {processor.py:914} INFO - Processing file /opt/airflow/dags/email_pipeline_dag.py for tasks to queue
[2024-11-13T05:10:10.237+0000] {logging_mixin.py:190} INFO - [2024-11-13T05:10:10.236+0000] {dagbag.py:588} INFO - Filling up the DagBag from /opt/airflow/dags/email_pipeline_dag.py
[2024-11-13T05:10:13.339+0000] {processor.py:925} INFO - DAG(s) 'email_pipeline_dag' retrieved from /opt/airflow/dags/email_pipeline_dag.py
[2024-11-13T05:10:13.424+0000] {logging_mixin.py:190} INFO - [2024-11-13T05:10:13.422+0000] {dag.py:3239} INFO - Sync 1 DAGs
[2024-11-13T05:10:13.456+0000] {logging_mixin.py:190} INFO - [2024-11-13T05:10:13.456+0000] {dag.py:4180} INFO - Setting next_dagrun for email_pipeline_dag to 2024-11-13 05:10:00+00:00, run_after=2024-11-13 05:15:00+00:00
[2024-11-13T05:10:13.562+0000] {processor.py:208} INFO - Processing /opt/airflow/dags/email_pipeline_dag.py took 3.350 seconds
[2024-11-13T05:10:44.030+0000] {processor.py:186} INFO - Started process (PID=222) to work on /opt/airflow/dags/email_pipeline_dag.py
[2024-11-13T05:10:44.033+0000] {processor.py:914} INFO - Processing file /opt/airflow/dags/email_pipeline_dag.py for tasks to queue
[2024-11-13T05:10:44.042+0000] {logging_mixin.py:190} INFO - [2024-11-13T05:10:44.041+0000] {dagbag.py:588} INFO - Filling up the DagBag from /opt/airflow/dags/email_pipeline_dag.py
[2024-11-13T05:10:44.751+0000] {processor.py:925} INFO - DAG(s) 'email_pipeline_dag' retrieved from /opt/airflow/dags/email_pipeline_dag.py
[2024-11-13T05:10:44.769+0000] {logging_mixin.py:190} INFO - [2024-11-13T05:10:44.768+0000] {dag.py:3239} INFO - Sync 1 DAGs
[2024-11-13T05:10:44.783+0000] {logging_mixin.py:190} INFO - [2024-11-13T05:10:44.783+0000] {dag.py:4180} INFO - Setting next_dagrun for email_pipeline_dag to 2024-11-13 05:10:00+00:00, run_after=2024-11-13 05:15:00+00:00
[2024-11-13T05:10:44.792+0000] {processor.py:208} INFO - Processing /opt/airflow/dags/email_pipeline_dag.py took 0.779 seconds
[2024-11-13T05:11:15.366+0000] {processor.py:186} INFO - Started process (PID=230) to work on /opt/airflow/dags/email_pipeline_dag.py
[2024-11-13T05:11:15.369+0000] {processor.py:914} INFO - Processing file /opt/airflow/dags/email_pipeline_dag.py for tasks to queue
[2024-11-13T05:11:15.374+0000] {logging_mixin.py:190} INFO - [2024-11-13T05:11:15.374+0000] {dagbag.py:588} INFO - Filling up the DagBag from /opt/airflow/dags/email_pipeline_dag.py
[2024-11-13T05:11:15.900+0000] {processor.py:925} INFO - DAG(s) 'email_pipeline_dag' retrieved from /opt/airflow/dags/email_pipeline_dag.py
[2024-11-13T05:11:15.934+0000] {logging_mixin.py:190} INFO - [2024-11-13T05:11:15.934+0000] {dag.py:3239} INFO - Sync 1 DAGs
[2024-11-13T05:11:15.956+0000] {logging_mixin.py:190} INFO - [2024-11-13T05:11:15.956+0000] {dag.py:4180} INFO - Setting next_dagrun for email_pipeline_dag to 2024-11-13 05:10:00+00:00, run_after=2024-11-13 05:15:00+00:00
[2024-11-13T05:11:15.971+0000] {processor.py:208} INFO - Processing /opt/airflow/dags/email_pipeline_dag.py took 0.628 seconds
[2024-11-13T05:11:46.959+0000] {processor.py:186} INFO - Started process (PID=238) to work on /opt/airflow/dags/email_pipeline_dag.py
[2024-11-13T05:11:46.961+0000] {processor.py:914} INFO - Processing file /opt/airflow/dags/email_pipeline_dag.py for tasks to queue
[2024-11-13T05:11:46.966+0000] {logging_mixin.py:190} INFO - [2024-11-13T05:11:46.965+0000] {dagbag.py:588} INFO - Filling up the DagBag from /opt/airflow/dags/email_pipeline_dag.py
[2024-11-13T05:11:47.561+0000] {processor.py:925} INFO - DAG(s) 'email_pipeline_dag' retrieved from /opt/airflow/dags/email_pipeline_dag.py
[2024-11-13T05:11:47.584+0000] {logging_mixin.py:190} INFO - [2024-11-13T05:11:47.584+0000] {dag.py:3239} INFO - Sync 1 DAGs
[2024-11-13T05:11:47.597+0000] {logging_mixin.py:190} INFO - [2024-11-13T05:11:47.597+0000] {dag.py:4180} INFO - Setting next_dagrun for email_pipeline_dag to 2024-11-13 05:10:00+00:00, run_after=2024-11-13 05:15:00+00:00
[2024-11-13T05:11:47.606+0000] {processor.py:208} INFO - Processing /opt/airflow/dags/email_pipeline_dag.py took 0.665 seconds
[2024-11-13T05:12:18.644+0000] {processor.py:186} INFO - Started process (PID=245) to work on /opt/airflow/dags/email_pipeline_dag.py
[2024-11-13T05:12:18.646+0000] {processor.py:914} INFO - Processing file /opt/airflow/dags/email_pipeline_dag.py for tasks to queue
[2024-11-13T05:12:18.653+0000] {logging_mixin.py:190} INFO - [2024-11-13T05:12:18.652+0000] {dagbag.py:588} INFO - Filling up the DagBag from /opt/airflow/dags/email_pipeline_dag.py
[2024-11-13T05:12:19.836+0000] {processor.py:925} INFO - DAG(s) 'email_pipeline_dag' retrieved from /opt/airflow/dags/email_pipeline_dag.py
[2024-11-13T05:12:19.870+0000] {logging_mixin.py:190} INFO - [2024-11-13T05:12:19.869+0000] {dag.py:3239} INFO - Sync 1 DAGs
[2024-11-13T05:12:19.904+0000] {logging_mixin.py:190} INFO - [2024-11-13T05:12:19.904+0000] {dag.py:4180} INFO - Setting next_dagrun for email_pipeline_dag to 2024-11-13 05:10:00+00:00, run_after=2024-11-13 05:15:00+00:00
[2024-11-13T05:12:19.917+0000] {processor.py:208} INFO - Processing /opt/airflow/dags/email_pipeline_dag.py took 1.293 seconds
[2024-11-13T05:12:50.072+0000] {processor.py:186} INFO - Started process (PID=259) to work on /opt/airflow/dags/email_pipeline_dag.py
[2024-11-13T05:12:50.074+0000] {processor.py:914} INFO - Processing file /opt/airflow/dags/email_pipeline_dag.py for tasks to queue
[2024-11-13T05:12:50.086+0000] {logging_mixin.py:190} INFO - [2024-11-13T05:12:50.084+0000] {dagbag.py:588} INFO - Filling up the DagBag from /opt/airflow/dags/email_pipeline_dag.py
[2024-11-13T05:12:50.699+0000] {processor.py:925} INFO - DAG(s) 'email_pipeline_dag' retrieved from /opt/airflow/dags/email_pipeline_dag.py
[2024-11-13T05:12:50.718+0000] {logging_mixin.py:190} INFO - [2024-11-13T05:12:50.718+0000] {dag.py:3239} INFO - Sync 1 DAGs
[2024-11-13T05:12:50.734+0000] {logging_mixin.py:190} INFO - [2024-11-13T05:12:50.734+0000] {dag.py:4180} INFO - Setting next_dagrun for email_pipeline_dag to 2024-11-13 05:10:00+00:00, run_after=2024-11-13 05:15:00+00:00
[2024-11-13T05:12:50.742+0000] {processor.py:208} INFO - Processing /opt/airflow/dags/email_pipeline_dag.py took 0.679 seconds
[2024-11-13T05:13:21.376+0000] {processor.py:186} INFO - Started process (PID=267) to work on /opt/airflow/dags/email_pipeline_dag.py
[2024-11-13T05:13:21.382+0000] {processor.py:914} INFO - Processing file /opt/airflow/dags/email_pipeline_dag.py for tasks to queue
[2024-11-13T05:13:21.387+0000] {logging_mixin.py:190} INFO - [2024-11-13T05:13:21.386+0000] {dagbag.py:588} INFO - Filling up the DagBag from /opt/airflow/dags/email_pipeline_dag.py
[2024-11-13T05:13:22.011+0000] {processor.py:925} INFO - DAG(s) 'email_pipeline_dag' retrieved from /opt/airflow/dags/email_pipeline_dag.py
[2024-11-13T05:13:22.036+0000] {logging_mixin.py:190} INFO - [2024-11-13T05:13:22.035+0000] {dag.py:3239} INFO - Sync 1 DAGs
[2024-11-13T05:13:22.058+0000] {logging_mixin.py:190} INFO - [2024-11-13T05:13:22.058+0000] {dag.py:4180} INFO - Setting next_dagrun for email_pipeline_dag to 2024-11-13 05:10:00+00:00, run_after=2024-11-13 05:15:00+00:00
[2024-11-13T05:13:22.067+0000] {processor.py:208} INFO - Processing /opt/airflow/dags/email_pipeline_dag.py took 0.744 seconds
[2024-11-13T05:13:52.287+0000] {processor.py:186} INFO - Started process (PID=275) to work on /opt/airflow/dags/email_pipeline_dag.py
[2024-11-13T05:13:52.290+0000] {processor.py:914} INFO - Processing file /opt/airflow/dags/email_pipeline_dag.py for tasks to queue
[2024-11-13T05:13:52.298+0000] {logging_mixin.py:190} INFO - [2024-11-13T05:13:52.297+0000] {dagbag.py:588} INFO - Filling up the DagBag from /opt/airflow/dags/email_pipeline_dag.py
[2024-11-13T05:13:52.884+0000] {processor.py:925} INFO - DAG(s) 'email_pipeline_dag' retrieved from /opt/airflow/dags/email_pipeline_dag.py
[2024-11-13T05:13:52.905+0000] {logging_mixin.py:190} INFO - [2024-11-13T05:13:52.904+0000] {dag.py:3239} INFO - Sync 1 DAGs
[2024-11-13T05:13:52.918+0000] {logging_mixin.py:190} INFO - [2024-11-13T05:13:52.917+0000] {dag.py:4180} INFO - Setting next_dagrun for email_pipeline_dag to 2024-11-13 05:10:00+00:00, run_after=2024-11-13 05:15:00+00:00
[2024-11-13T05:13:52.927+0000] {processor.py:208} INFO - Processing /opt/airflow/dags/email_pipeline_dag.py took 0.652 seconds
[2024-11-13T05:14:23.079+0000] {processor.py:186} INFO - Started process (PID=283) to work on /opt/airflow/dags/email_pipeline_dag.py
[2024-11-13T05:14:23.080+0000] {processor.py:914} INFO - Processing file /opt/airflow/dags/email_pipeline_dag.py for tasks to queue
[2024-11-13T05:14:23.084+0000] {logging_mixin.py:190} INFO - [2024-11-13T05:14:23.084+0000] {dagbag.py:588} INFO - Filling up the DagBag from /opt/airflow/dags/email_pipeline_dag.py
[2024-11-13T05:14:23.637+0000] {processor.py:925} INFO - DAG(s) 'email_pipeline_dag' retrieved from /opt/airflow/dags/email_pipeline_dag.py
[2024-11-13T05:14:23.671+0000] {logging_mixin.py:190} INFO - [2024-11-13T05:14:23.670+0000] {dag.py:3239} INFO - Sync 1 DAGs
[2024-11-13T05:14:23.684+0000] {logging_mixin.py:190} INFO - [2024-11-13T05:14:23.684+0000] {dag.py:4180} INFO - Setting next_dagrun for email_pipeline_dag to 2024-11-13 05:10:00+00:00, run_after=2024-11-13 05:15:00+00:00
[2024-11-13T05:14:23.692+0000] {processor.py:208} INFO - Processing /opt/airflow/dags/email_pipeline_dag.py took 0.626 seconds
[2024-11-13T05:14:54.367+0000] {processor.py:186} INFO - Started process (PID=291) to work on /opt/airflow/dags/email_pipeline_dag.py
[2024-11-13T05:14:54.370+0000] {processor.py:914} INFO - Processing file /opt/airflow/dags/email_pipeline_dag.py for tasks to queue
[2024-11-13T05:14:54.375+0000] {logging_mixin.py:190} INFO - [2024-11-13T05:14:54.374+0000] {dagbag.py:588} INFO - Filling up the DagBag from /opt/airflow/dags/email_pipeline_dag.py
[2024-11-13T05:14:55.118+0000] {processor.py:925} INFO - DAG(s) 'email_pipeline_dag' retrieved from /opt/airflow/dags/email_pipeline_dag.py
[2024-11-13T05:14:55.156+0000] {logging_mixin.py:190} INFO - [2024-11-13T05:14:55.155+0000] {dag.py:3239} INFO - Sync 1 DAGs
[2024-11-13T05:14:55.178+0000] {logging_mixin.py:190} INFO - [2024-11-13T05:14:55.178+0000] {dag.py:4180} INFO - Setting next_dagrun for email_pipeline_dag to 2024-11-13 05:10:00+00:00, run_after=2024-11-13 05:15:00+00:00
[2024-11-13T05:14:55.205+0000] {processor.py:208} INFO - Processing /opt/airflow/dags/email_pipeline_dag.py took 0.850 seconds
[2024-11-13T05:15:25.975+0000] {processor.py:186} INFO - Started process (PID=299) to work on /opt/airflow/dags/email_pipeline_dag.py
[2024-11-13T05:15:25.976+0000] {processor.py:914} INFO - Processing file /opt/airflow/dags/email_pipeline_dag.py for tasks to queue
[2024-11-13T05:15:25.983+0000] {logging_mixin.py:190} INFO - [2024-11-13T05:15:25.982+0000] {dagbag.py:588} INFO - Filling up the DagBag from /opt/airflow/dags/email_pipeline_dag.py
[2024-11-13T05:15:27.161+0000] {processor.py:925} INFO - DAG(s) 'email_pipeline_dag' retrieved from /opt/airflow/dags/email_pipeline_dag.py
[2024-11-13T05:15:27.187+0000] {logging_mixin.py:190} INFO - [2024-11-13T05:15:27.186+0000] {dag.py:3239} INFO - Sync 1 DAGs
[2024-11-13T05:15:27.200+0000] {logging_mixin.py:190} INFO - [2024-11-13T05:15:27.200+0000] {dag.py:4180} INFO - Setting next_dagrun for email_pipeline_dag to 2024-11-13 05:15:00+00:00, run_after=2024-11-13 05:20:00+00:00
[2024-11-13T05:15:27.208+0000] {processor.py:208} INFO - Processing /opt/airflow/dags/email_pipeline_dag.py took 1.245 seconds
[2024-11-13T05:15:57.670+0000] {processor.py:186} INFO - Started process (PID=307) to work on /opt/airflow/dags/email_pipeline_dag.py
[2024-11-13T05:15:57.674+0000] {processor.py:914} INFO - Processing file /opt/airflow/dags/email_pipeline_dag.py for tasks to queue
[2024-11-13T05:15:57.681+0000] {logging_mixin.py:190} INFO - [2024-11-13T05:15:57.679+0000] {dagbag.py:588} INFO - Filling up the DagBag from /opt/airflow/dags/email_pipeline_dag.py
[2024-11-13T05:15:58.524+0000] {processor.py:925} INFO - DAG(s) 'email_pipeline_dag' retrieved from /opt/airflow/dags/email_pipeline_dag.py
[2024-11-13T05:15:58.540+0000] {logging_mixin.py:190} INFO - [2024-11-13T05:15:58.540+0000] {dag.py:3239} INFO - Sync 1 DAGs
[2024-11-13T05:15:58.552+0000] {logging_mixin.py:190} INFO - [2024-11-13T05:15:58.552+0000] {dag.py:4180} INFO - Setting next_dagrun for email_pipeline_dag to 2024-11-13 05:15:00+00:00, run_after=2024-11-13 05:20:00+00:00
[2024-11-13T05:15:58.560+0000] {processor.py:208} INFO - Processing /opt/airflow/dags/email_pipeline_dag.py took 0.911 seconds
[2024-11-13T05:16:29.494+0000] {processor.py:186} INFO - Started process (PID=315) to work on /opt/airflow/dags/email_pipeline_dag.py
[2024-11-13T05:16:29.497+0000] {processor.py:914} INFO - Processing file /opt/airflow/dags/email_pipeline_dag.py for tasks to queue
[2024-11-13T05:16:29.503+0000] {logging_mixin.py:190} INFO - [2024-11-13T05:16:29.503+0000] {dagbag.py:588} INFO - Filling up the DagBag from /opt/airflow/dags/email_pipeline_dag.py
[2024-11-13T05:16:30.388+0000] {processor.py:925} INFO - DAG(s) 'email_pipeline_dag' retrieved from /opt/airflow/dags/email_pipeline_dag.py
[2024-11-13T05:16:30.449+0000] {logging_mixin.py:190} INFO - [2024-11-13T05:16:30.448+0000] {dag.py:3239} INFO - Sync 1 DAGs
[2024-11-13T05:16:30.470+0000] {logging_mixin.py:190} INFO - [2024-11-13T05:16:30.470+0000] {dag.py:4180} INFO - Setting next_dagrun for email_pipeline_dag to 2024-11-13 05:15:00+00:00, run_after=2024-11-13 05:20:00+00:00
[2024-11-13T05:16:30.484+0000] {processor.py:208} INFO - Processing /opt/airflow/dags/email_pipeline_dag.py took 1.022 seconds
[2024-11-13T05:17:00.942+0000] {processor.py:186} INFO - Started process (PID=323) to work on /opt/airflow/dags/email_pipeline_dag.py
[2024-11-13T05:17:00.943+0000] {processor.py:914} INFO - Processing file /opt/airflow/dags/email_pipeline_dag.py for tasks to queue
[2024-11-13T05:17:00.946+0000] {logging_mixin.py:190} INFO - [2024-11-13T05:17:00.946+0000] {dagbag.py:588} INFO - Filling up the DagBag from /opt/airflow/dags/email_pipeline_dag.py
[2024-11-13T05:17:01.523+0000] {processor.py:925} INFO - DAG(s) 'email_pipeline_dag' retrieved from /opt/airflow/dags/email_pipeline_dag.py
[2024-11-13T05:17:01.535+0000] {logging_mixin.py:190} INFO - [2024-11-13T05:17:01.535+0000] {dag.py:3239} INFO - Sync 1 DAGs
[2024-11-13T05:17:01.547+0000] {logging_mixin.py:190} INFO - [2024-11-13T05:17:01.547+0000] {dag.py:4180} INFO - Setting next_dagrun for email_pipeline_dag to 2024-11-13 05:15:00+00:00, run_after=2024-11-13 05:20:00+00:00
[2024-11-13T05:17:01.554+0000] {processor.py:208} INFO - Processing /opt/airflow/dags/email_pipeline_dag.py took 0.618 seconds
[2024-11-13T05:17:31.992+0000] {processor.py:186} INFO - Started process (PID=331) to work on /opt/airflow/dags/email_pipeline_dag.py
[2024-11-13T05:17:31.993+0000] {processor.py:914} INFO - Processing file /opt/airflow/dags/email_pipeline_dag.py for tasks to queue
[2024-11-13T05:17:31.997+0000] {logging_mixin.py:190} INFO - [2024-11-13T05:17:31.997+0000] {dagbag.py:588} INFO - Filling up the DagBag from /opt/airflow/dags/email_pipeline_dag.py
[2024-11-13T05:17:32.972+0000] {processor.py:925} INFO - DAG(s) 'email_pipeline_dag' retrieved from /opt/airflow/dags/email_pipeline_dag.py
[2024-11-13T05:17:33.030+0000] {logging_mixin.py:190} INFO - [2024-11-13T05:17:33.029+0000] {dag.py:3239} INFO - Sync 1 DAGs
[2024-11-13T05:17:33.069+0000] {logging_mixin.py:190} INFO - [2024-11-13T05:17:33.068+0000] {dag.py:4180} INFO - Setting next_dagrun for email_pipeline_dag to 2024-11-13 05:15:00+00:00, run_after=2024-11-13 05:20:00+00:00
[2024-11-13T05:17:33.107+0000] {processor.py:208} INFO - Processing /opt/airflow/dags/email_pipeline_dag.py took 1.124 seconds
[2024-11-13T05:18:03.577+0000] {processor.py:186} INFO - Started process (PID=339) to work on /opt/airflow/dags/email_pipeline_dag.py
[2024-11-13T05:18:03.580+0000] {processor.py:914} INFO - Processing file /opt/airflow/dags/email_pipeline_dag.py for tasks to queue
[2024-11-13T05:18:03.584+0000] {logging_mixin.py:190} INFO - [2024-11-13T05:18:03.583+0000] {dagbag.py:588} INFO - Filling up the DagBag from /opt/airflow/dags/email_pipeline_dag.py
[2024-11-13T05:18:04.203+0000] {processor.py:925} INFO - DAG(s) 'email_pipeline_dag' retrieved from /opt/airflow/dags/email_pipeline_dag.py
[2024-11-13T05:18:04.240+0000] {logging_mixin.py:190} INFO - [2024-11-13T05:18:04.240+0000] {dag.py:3239} INFO - Sync 1 DAGs
[2024-11-13T05:18:04.256+0000] {logging_mixin.py:190} INFO - [2024-11-13T05:18:04.256+0000] {dag.py:4180} INFO - Setting next_dagrun for email_pipeline_dag to 2024-11-13 05:15:00+00:00, run_after=2024-11-13 05:20:00+00:00
[2024-11-13T05:18:04.265+0000] {processor.py:208} INFO - Processing /opt/airflow/dags/email_pipeline_dag.py took 0.698 seconds
[2024-11-13T05:18:34.895+0000] {processor.py:186} INFO - Started process (PID=347) to work on /opt/airflow/dags/email_pipeline_dag.py
[2024-11-13T05:18:34.897+0000] {processor.py:914} INFO - Processing file /opt/airflow/dags/email_pipeline_dag.py for tasks to queue
[2024-11-13T05:18:34.902+0000] {logging_mixin.py:190} INFO - [2024-11-13T05:18:34.901+0000] {dagbag.py:588} INFO - Filling up the DagBag from /opt/airflow/dags/email_pipeline_dag.py
[2024-11-13T05:18:35.462+0000] {processor.py:925} INFO - DAG(s) 'email_pipeline_dag' retrieved from /opt/airflow/dags/email_pipeline_dag.py
[2024-11-13T05:18:35.483+0000] {logging_mixin.py:190} INFO - [2024-11-13T05:18:35.482+0000] {dag.py:3239} INFO - Sync 1 DAGs
[2024-11-13T05:18:35.497+0000] {logging_mixin.py:190} INFO - [2024-11-13T05:18:35.497+0000] {dag.py:4180} INFO - Setting next_dagrun for email_pipeline_dag to 2024-11-13 05:15:00+00:00, run_after=2024-11-13 05:20:00+00:00
[2024-11-13T05:18:35.513+0000] {processor.py:208} INFO - Processing /opt/airflow/dags/email_pipeline_dag.py took 0.627 seconds
[2024-11-13T05:19:06.005+0000] {processor.py:186} INFO - Started process (PID=355) to work on /opt/airflow/dags/email_pipeline_dag.py
[2024-11-13T05:19:06.008+0000] {processor.py:914} INFO - Processing file /opt/airflow/dags/email_pipeline_dag.py for tasks to queue
[2024-11-13T05:19:06.013+0000] {logging_mixin.py:190} INFO - [2024-11-13T05:19:06.012+0000] {dagbag.py:588} INFO - Filling up the DagBag from /opt/airflow/dags/email_pipeline_dag.py
[2024-11-13T05:19:06.556+0000] {processor.py:925} INFO - DAG(s) 'email_pipeline_dag' retrieved from /opt/airflow/dags/email_pipeline_dag.py
[2024-11-13T05:19:06.581+0000] {logging_mixin.py:190} INFO - [2024-11-13T05:19:06.581+0000] {dag.py:3239} INFO - Sync 1 DAGs
[2024-11-13T05:19:06.596+0000] {logging_mixin.py:190} INFO - [2024-11-13T05:19:06.596+0000] {dag.py:4180} INFO - Setting next_dagrun for email_pipeline_dag to 2024-11-13 05:15:00+00:00, run_after=2024-11-13 05:20:00+00:00
[2024-11-13T05:19:06.606+0000] {processor.py:208} INFO - Processing /opt/airflow/dags/email_pipeline_dag.py took 0.614 seconds
[2024-11-13T05:19:36.922+0000] {processor.py:186} INFO - Started process (PID=363) to work on /opt/airflow/dags/email_pipeline_dag.py
[2024-11-13T05:19:36.924+0000] {processor.py:914} INFO - Processing file /opt/airflow/dags/email_pipeline_dag.py for tasks to queue
[2024-11-13T05:19:36.928+0000] {logging_mixin.py:190} INFO - [2024-11-13T05:19:36.928+0000] {dagbag.py:588} INFO - Filling up the DagBag from /opt/airflow/dags/email_pipeline_dag.py
[2024-11-13T05:19:37.564+0000] {processor.py:925} INFO - DAG(s) 'email_pipeline_dag' retrieved from /opt/airflow/dags/email_pipeline_dag.py
[2024-11-13T05:19:37.586+0000] {logging_mixin.py:190} INFO - [2024-11-13T05:19:37.585+0000] {dag.py:3239} INFO - Sync 1 DAGs
[2024-11-13T05:19:37.599+0000] {logging_mixin.py:190} INFO - [2024-11-13T05:19:37.598+0000] {dag.py:4180} INFO - Setting next_dagrun for email_pipeline_dag to 2024-11-13 05:15:00+00:00, run_after=2024-11-13 05:20:00+00:00
[2024-11-13T05:19:37.606+0000] {processor.py:208} INFO - Processing /opt/airflow/dags/email_pipeline_dag.py took 0.696 seconds
[2024-11-13T05:20:08.143+0000] {processor.py:186} INFO - Started process (PID=371) to work on /opt/airflow/dags/email_pipeline_dag.py
[2024-11-13T05:20:08.146+0000] {processor.py:914} INFO - Processing file /opt/airflow/dags/email_pipeline_dag.py for tasks to queue
[2024-11-13T05:20:08.155+0000] {logging_mixin.py:190} INFO - [2024-11-13T05:20:08.153+0000] {dagbag.py:588} INFO - Filling up the DagBag from /opt/airflow/dags/email_pipeline_dag.py
[2024-11-13T05:20:09.326+0000] {processor.py:925} INFO - DAG(s) 'email_pipeline_dag' retrieved from /opt/airflow/dags/email_pipeline_dag.py
[2024-11-13T05:20:09.369+0000] {logging_mixin.py:190} INFO - [2024-11-13T05:20:09.368+0000] {dag.py:3239} INFO - Sync 1 DAGs
[2024-11-13T05:20:09.392+0000] {logging_mixin.py:190} INFO - [2024-11-13T05:20:09.392+0000] {dag.py:4180} INFO - Setting next_dagrun for email_pipeline_dag to 2024-11-13 05:20:00+00:00, run_after=2024-11-13 05:25:00+00:00
[2024-11-13T05:20:09.404+0000] {processor.py:208} INFO - Processing /opt/airflow/dags/email_pipeline_dag.py took 1.284 seconds
[2024-11-13T05:20:39.921+0000] {processor.py:186} INFO - Started process (PID=379) to work on /opt/airflow/dags/email_pipeline_dag.py
[2024-11-13T05:20:39.923+0000] {processor.py:914} INFO - Processing file /opt/airflow/dags/email_pipeline_dag.py for tasks to queue
[2024-11-13T05:20:39.930+0000] {logging_mixin.py:190} INFO - [2024-11-13T05:20:39.929+0000] {dagbag.py:588} INFO - Filling up the DagBag from /opt/airflow/dags/email_pipeline_dag.py
[2024-11-13T05:20:40.871+0000] {processor.py:925} INFO - DAG(s) 'email_pipeline_dag' retrieved from /opt/airflow/dags/email_pipeline_dag.py
[2024-11-13T05:20:40.903+0000] {logging_mixin.py:190} INFO - [2024-11-13T05:20:40.903+0000] {dag.py:3239} INFO - Sync 1 DAGs
[2024-11-13T05:20:40.917+0000] {logging_mixin.py:190} INFO - [2024-11-13T05:20:40.917+0000] {dag.py:4180} INFO - Setting next_dagrun for email_pipeline_dag to 2024-11-13 05:20:00+00:00, run_after=2024-11-13 05:25:00+00:00
[2024-11-13T05:20:40.928+0000] {processor.py:208} INFO - Processing /opt/airflow/dags/email_pipeline_dag.py took 1.030 seconds
[2024-11-13T05:21:11.789+0000] {processor.py:186} INFO - Started process (PID=387) to work on /opt/airflow/dags/email_pipeline_dag.py
[2024-11-13T05:21:11.792+0000] {processor.py:914} INFO - Processing file /opt/airflow/dags/email_pipeline_dag.py for tasks to queue
[2024-11-13T05:21:11.798+0000] {logging_mixin.py:190} INFO - [2024-11-13T05:21:11.798+0000] {dagbag.py:588} INFO - Filling up the DagBag from /opt/airflow/dags/email_pipeline_dag.py
[2024-11-13T05:21:12.506+0000] {processor.py:925} INFO - DAG(s) 'email_pipeline_dag' retrieved from /opt/airflow/dags/email_pipeline_dag.py
[2024-11-13T05:21:12.547+0000] {logging_mixin.py:190} INFO - [2024-11-13T05:21:12.547+0000] {dag.py:3239} INFO - Sync 1 DAGs
[2024-11-13T05:21:12.573+0000] {logging_mixin.py:190} INFO - [2024-11-13T05:21:12.573+0000] {dag.py:4180} INFO - Setting next_dagrun for email_pipeline_dag to 2024-11-13 05:20:00+00:00, run_after=2024-11-13 05:25:00+00:00
[2024-11-13T05:21:12.583+0000] {processor.py:208} INFO - Processing /opt/airflow/dags/email_pipeline_dag.py took 0.840 seconds
[2024-11-13T05:21:43.155+0000] {processor.py:186} INFO - Started process (PID=395) to work on /opt/airflow/dags/email_pipeline_dag.py
[2024-11-13T05:21:43.157+0000] {processor.py:914} INFO - Processing file /opt/airflow/dags/email_pipeline_dag.py for tasks to queue
[2024-11-13T05:21:43.162+0000] {logging_mixin.py:190} INFO - [2024-11-13T05:21:43.161+0000] {dagbag.py:588} INFO - Filling up the DagBag from /opt/airflow/dags/email_pipeline_dag.py
[2024-11-13T05:21:43.689+0000] {processor.py:925} INFO - DAG(s) 'email_pipeline_dag' retrieved from /opt/airflow/dags/email_pipeline_dag.py
[2024-11-13T05:21:43.707+0000] {logging_mixin.py:190} INFO - [2024-11-13T05:21:43.707+0000] {dag.py:3239} INFO - Sync 1 DAGs
[2024-11-13T05:21:43.719+0000] {logging_mixin.py:190} INFO - [2024-11-13T05:21:43.718+0000] {dag.py:4180} INFO - Setting next_dagrun for email_pipeline_dag to 2024-11-13 05:20:00+00:00, run_after=2024-11-13 05:25:00+00:00
[2024-11-13T05:21:43.726+0000] {processor.py:208} INFO - Processing /opt/airflow/dags/email_pipeline_dag.py took 0.581 seconds
[2024-11-13T05:22:14.074+0000] {processor.py:186} INFO - Started process (PID=403) to work on /opt/airflow/dags/email_pipeline_dag.py
[2024-11-13T05:22:14.077+0000] {processor.py:914} INFO - Processing file /opt/airflow/dags/email_pipeline_dag.py for tasks to queue
[2024-11-13T05:22:14.085+0000] {logging_mixin.py:190} INFO - [2024-11-13T05:22:14.084+0000] {dagbag.py:588} INFO - Filling up the DagBag from /opt/airflow/dags/email_pipeline_dag.py
[2024-11-13T05:22:14.644+0000] {processor.py:925} INFO - DAG(s) 'email_pipeline_dag' retrieved from /opt/airflow/dags/email_pipeline_dag.py
[2024-11-13T05:22:14.662+0000] {logging_mixin.py:190} INFO - [2024-11-13T05:22:14.661+0000] {dag.py:3239} INFO - Sync 1 DAGs
[2024-11-13T05:22:14.684+0000] {logging_mixin.py:190} INFO - [2024-11-13T05:22:14.684+0000] {dag.py:4180} INFO - Setting next_dagrun for email_pipeline_dag to 2024-11-13 05:20:00+00:00, run_after=2024-11-13 05:25:00+00:00
[2024-11-13T05:22:14.694+0000] {processor.py:208} INFO - Processing /opt/airflow/dags/email_pipeline_dag.py took 0.632 seconds
[2024-11-13T05:22:45.195+0000] {processor.py:186} INFO - Started process (PID=411) to work on /opt/airflow/dags/email_pipeline_dag.py
[2024-11-13T05:22:45.201+0000] {processor.py:914} INFO - Processing file /opt/airflow/dags/email_pipeline_dag.py for tasks to queue
[2024-11-13T05:22:45.205+0000] {logging_mixin.py:190} INFO - [2024-11-13T05:22:45.205+0000] {dagbag.py:588} INFO - Filling up the DagBag from /opt/airflow/dags/email_pipeline_dag.py
[2024-11-13T05:22:45.976+0000] {processor.py:925} INFO - DAG(s) 'email_pipeline_dag' retrieved from /opt/airflow/dags/email_pipeline_dag.py
[2024-11-13T05:22:46.062+0000] {logging_mixin.py:190} INFO - [2024-11-13T05:22:46.058+0000] {dag.py:3239} INFO - Sync 1 DAGs
[2024-11-13T05:22:46.106+0000] {logging_mixin.py:190} INFO - [2024-11-13T05:22:46.106+0000] {dag.py:4180} INFO - Setting next_dagrun for email_pipeline_dag to 2024-11-13 05:20:00+00:00, run_after=2024-11-13 05:25:00+00:00
[2024-11-13T05:22:46.133+0000] {processor.py:208} INFO - Processing /opt/airflow/dags/email_pipeline_dag.py took 0.957 seconds
